#
# There is insufficient memory for the Java Runtime Environment to continue.
# Native memory allocation (mmap) failed to map 132120576 bytes for Failed to commit area from 0x0000000082600000 to 0x000000008a400000 of length 132120576.
# Possible reasons:
#   The system is out of physical RAM or swap space
#   The process is running with CompressedOops enabled, and the Java Heap may be blocking the growth of the native heap
# Possible solutions:
#   Reduce memory load on the system
#   Increase physical memory or swap space
#   Check if swap backing store is full
#   Decrease Java heap size (-Xmx/-Xms)
#   Decrease number of Java threads
#   Decrease Java thread stack sizes (-Xss)
#   Set larger code cache with -XX:ReservedCodeCacheSize=
# This output file may be truncated or incomplete.
#
#  Out of Memory Error (t:/workspace/open/src/hotspot/os/windows/os_windows.cpp:3264), pid=19160, tid=6136
#
# JRE version:  (12.0.2+10) (build )
# Java VM: Java HotSpot(TM) 64-Bit Server VM (12.0.2+10, mixed mode, aot, sharing, tiered, compressed oops, g1 gc, windows-amd64)
# No core dump will be written. Minidumps are not enabled by default on client versions of Windows
#

---------------  S U M M A R Y ------------

Command Line: -javaagent:D:\工具\Idea\IntelliJ IDEA 2020.1\lib\idea_rt.jar=3151:D:\工具\Idea\IntelliJ IDEA 2020.1\bin -Dfile.encoding=UTF-8 com.imooc.jdbc.sample.StandardJDBCSample

Host: Intel(R) Core(TM) i5-8265U CPU @ 1.60GHz, 8 cores, 7G,  Windows 10 , 64 bit Build 20180 (10.0.20180.1000)
Time: Fri Dec  4 14:35:54 2020 中国标准时间 elapsed time: 0 seconds (0d 0h 0m 0s)

---------------  T H R E A D  ---------------

Current thread (0x0000021e07908800):  JavaThread "Unknown thread" [_thread_in_vm, id=6136, stack(0x0000009045500000,0x0000009045600000)]

Stack: [0x0000009045500000,0x0000009045600000]
Native frames: (J=compiled Java code, j=interpreted, Vv=VM code, C=native code)
V  [jvm.dll+0x63aa2a]
V  [jvm.dll+0x78ce1e]
V  [jvm.dll+0x78e4c1]
V  [jvm.dll+0x78eb13]
V  [jvm.dll+0x2627e8]
V  [jvm.dll+0x637f5a]
V  [jvm.dll+0x62c845]
V  [jvm.dll+0x31e49c]
V  [jvm.dll+0x31e2cf]
V  [jvm.dll+0x324006]
V  [jvm.dll+0x371f56]
V  [jvm.dll+0x371720]
V  [jvm.dll+0x2f845a]
V  [jvm.dll+0x2f96d2]
V  [jvm.dll+0x767267]
V  [jvm.dll+0x7689f5]
V  [jvm.dll+0x380059]
V  [jvm.dll+0x74b794]
V  [jvm.dll+0x3ef5cd]
V  [jvm.dll+0x3f1471]
C  [jli.dll+0x51cf]
C  [ucrtbase.dll+0x8f8c]
C  [KERNEL32.DLL+0x130f4]
C  [ntdll.dll+0x3a33b]


---------------  P R O C E S S  ---------------

Threads class SMR info:
_java_thread_list=0x00007ff8ef117928, length=0, elements={
}

Java Threads: ( => current thread )

Other Threads:
  0x0000021e07947800 GCTaskThread "GC Thread#0" [stack: 0x0000009045600000,0x0000009045700000] [id=15804]
  0x0000021e07955000 ConcurrentGCThread "G1 Main Marker" [stack: 0x0000009045700000,0x0000009045800000] [id=12300]
  0x0000021e07959800 ConcurrentGCThread "G1 Conc#0" [stack: 0x0000009045800000,0x0000009045900000] [id=6024]

[error occurred during error reporting (printing all threads), id 0xc0000005, EXCEPTION_ACCESS_VIOLATION (0xc0000005) at pc=0x00007ff8ee9485e7]

VM state:not at safepoint (not fully initialized)

VM Mutex/Monitor currently owned by a thread:  ([mutex/lock_event])
[0x0000021e07903890] Heap_lock - owner thread: 0x0000021e07908800

Heap address: 0x0000000082600000, size: 2010 MB, Compressed Oops mode: Non-zero based: 0x0000000082600000
Narrow klass base: 0x0000000000000000, Narrow klass shift: 0

GC Heap History (0 events):
No events

Deoptimization events (0 events):
No events

Classes redefined (0 events):
No events

Internal exceptions (0 events):
No events

Events (0 events):
No events


Dynamic libraries:
0x00007ff7489d0000 - 0x00007ff7489df000 	C:\Program Files\Java\jdk-12.0.2\bin\java.exe
0x00007ff935fb0000 - 0x00007ff9361ad000 	C:\WINDOWS\SYSTEM32\ntdll.dll
0x00007ff9345e0000 - 0x00007ff93469b000 	C:\WINDOWS\System32\KERNEL32.DLL
0x00007ff933650000 - 0x00007ff93398f000 	C:\WINDOWS\System32\KERNELBASE.dll
0x00007ff933df0000 - 0x00007ff933f03000 	C:\WINDOWS\System32\ucrtbase.dll
0x00007ff92b1a0000 - 0x00007ff92b1b6000 	C:\Program Files\Java\jdk-12.0.2\bin\VCRUNTIME140.dll
0x00007ff92ae40000 - 0x00007ff92ae58000 	C:\Program Files\Java\jdk-12.0.2\bin\jli.dll
0x00007ff935ec0000 - 0x00007ff935f6a000 	C:\WINDOWS\System32\ADVAPI32.dll
0x00007ff934b70000 - 0x00007ff934c13000 	C:\WINDOWS\System32\msvcrt.dll
0x00007ff9346a0000 - 0x00007ff934742000 	C:\WINDOWS\System32\sechost.dll
0x00007ff934370000 - 0x00007ff934495000 	C:\WINDOWS\System32\RPCRT4.dll
0x00007ff934010000 - 0x00007ff9341b5000 	C:\WINDOWS\System32\USER32.dll
0x00007ff933560000 - 0x00007ff933586000 	C:\WINDOWS\System32\win32u.dll
0x00007ff91aab0000 - 0x00007ff91ad55000 	C:\WINDOWS\WinSxS\amd64_microsoft.windows.common-controls_6595b64144ccf1df_6.0.20180.1000_none_8bcdaa7f2cfa5270\COMCTL32.dll
0x00007ff934cd0000 - 0x00007ff934cfb000 	C:\WINDOWS\System32\GDI32.dll
0x00007ff933ce0000 - 0x00007ff933dea000 	C:\WINDOWS\System32\gdi32full.dll
0x00007ff9339e0000 - 0x00007ff933a83000 	C:\WINDOWS\System32\msvcp_win.dll
0x00007ff929780000 - 0x00007ff92978a000 	C:\WINDOWS\SYSTEM32\VERSION.dll
0x00007ff934750000 - 0x00007ff934781000 	C:\WINDOWS\System32\IMM32.DLL
0x00007ff9171f0000 - 0x00007ff91729a000 	C:\Program Files\Java\jdk-12.0.2\bin\msvcp140.dll
0x00007ff8ee640000 - 0x00007ff8ef1b7000 	C:\Program Files\Java\jdk-12.0.2\bin\server\jvm.dll
0x00007ff934f30000 - 0x00007ff934f38000 	C:\WINDOWS\System32\PSAPI.DLL
0x00007ff91af90000 - 0x00007ff91af99000 	C:\WINDOWS\SYSTEM32\WSOCK32.dll
0x00007ff91edf0000 - 0x00007ff91ee16000 	C:\WINDOWS\SYSTEM32\WINMM.dll
0x00007ff934f40000 - 0x00007ff934fb0000 	C:\WINDOWS\System32\WS2_32.dll
0x00007ff932700000 - 0x00007ff932713000 	C:\WINDOWS\SYSTEM32\kernel.appcore.dll
0x00007ff917360000 - 0x00007ff917371000 	C:\Program Files\Java\jdk-12.0.2\bin\verify.dll
0x00007ff92e0d0000 - 0x00007ff92e2e2000 	C:\WINDOWS\SYSTEM32\DBGHELP.DLL
0x00007ff91bf40000 - 0x00007ff91bf70000 	C:\WINDOWS\SYSTEM32\dbgcore.DLL
0x00007ff933b00000 - 0x00007ff933b78000 	C:\WINDOWS\System32\bcryptPrimitives.dll
0x00007ff9171c0000 - 0x00007ff9171e6000 	C:\Program Files\Java\jdk-12.0.2\bin\java.dll
0x00007ff92b190000 - 0x00007ff92b19e000 	C:\Program Files\Java\jdk-12.0.2\bin\instrument.dll
0x00007ff9171a0000 - 0x00007ff9171b7000 	C:\Program Files\Java\jdk-12.0.2\bin\zip.dll
0x00007ff92b2a0000 - 0x00007ff92b2aa000 	C:\Program Files\Java\jdk-12.0.2\bin\jimage.dll

dbghelp: loaded successfully - version: 4.0.5 - missing functions: none
symbol engine: initialized successfully - sym options: 0x614 - pdb path: .;C:\Program Files\Java\jdk-12.0.2\bin;C:\WINDOWS\SYSTEM32;C:\WINDOWS\WinSxS\amd64_microsoft.windows.common-controls_6595b64144ccf1df_6.0.20180.1000_none_8bcdaa7f2cfa5270;C:\Program Files\Java\jdk-12.0.2\bin\server

VM Arguments:
jvm_args: -javaagent:D:\工具\Idea\IntelliJ IDEA 2020.1\lib\idea_rt.jar=3151:D:\工具\Idea\IntelliJ IDEA 2020.1\bin -Dfile.encoding=UTF-8 
java_command: com.imooc.jdbc.sample.StandardJDBCSample
java_class_path (initial): E:\java\源码\JDBC\imooc-jdbc\out\production\imooc-jdbc;E:\java\源码\JDBC\imooc-jdbc\lib\mysql-connector-java-8.0.16.jar
Launcher Type: SUN_STANDARD

[Global flags]
     intx CICompilerCount                          = 4                                         {product} {ergonomic}
     uint ConcGCThreads                            = 2                                         {product} {ergonomic}
     uint G1ConcRefinementThreads                  = 8                                         {product} {ergonomic}
   size_t G1HeapRegionSize                         = 1048576                                   {product} {ergonomic}
    uintx GCDrainStackTargetSize                   = 64                                        {product} {ergonomic}
   size_t InitialHeapSize                          = 132120576                                 {product} {ergonomic}
   size_t MarkStackSize                            = 4194304                                   {product} {ergonomic}
   size_t MaxHeapSize                              = 2107637760                                {product} {ergonomic}
   size_t MinHeapDeltaBytes                        = 1048576                                   {product} {ergonomic}
    uintx NonNMethodCodeHeapSize                   = 5836300                                {pd product} {ergonomic}
    uintx NonProfiledCodeHeapSize                  = 122910970                              {pd product} {ergonomic}
    uintx ProfiledCodeHeapSize                     = 122910970                              {pd product} {ergonomic}
    uintx ReservedCodeCacheSize                    = 251658240                              {pd product} {ergonomic}
     bool SegmentedCodeCache                       = true                                      {product} {ergonomic}
     bool UseCompressedClassPointers               = true                                 {lp64_product} {ergonomic}
     bool UseCompressedOops                        = true                                 {lp64_product} {ergonomic}
     bool UseG1GC                                  = true                                      {product} {ergonomic}
     bool UseLargePagesIndividualAllocation        = false                                  {pd product} {ergonomic}

Logging:
Log output configuration:
 #0: stdout all=warning uptime,level,tags
 #1: stderr all=off uptime,level,tags

Environment Variables:
JAVA_HOME=C:\Program Files\Java\jdk-12.0.2
CLASSPATH=.;C:\Program Files\Java\jdk-12.0.2\lib\dt.jar;C:\Program Files\Java\jdk-12.0.2\lib\tools.jar
PATH=D:\工具\XFTP 6\;D:\工具\Xshell\;C:\Python27\;C:\Python27\Scripts;C:\Windows\system32;C:\Windows;C:\Windows\System32\Wbem;C:\Windows\System32\WindowsPowerShell\v1.0\;C:\Windows\System32\OpenSSH\;C:\Program Files\Intel\WiFi\bin\;C:\Program Files\Common Files\Intel\WirelessCommon\;C:\Program Files (x86)\NVIDIA Corporation\PhysX\Common;C:\Program Files\NVIDIA Corporation\NVIDIA NvDLISR;C:\Program Files\Java\jdk-12.0.2\bin;D:\工具\node\;\ProgramData\chocolatey\bin;D:\工具\node\node_modules\npm;SystemRoot%\system32;C:\WINDOWS;C:\WINDOWS\System32\Wbem;C:\WINDOWS\System32\WindowsPowerShell\v1.0\;C:\WINDOWS\System32\OpenSSH\;C:\WINDOWS\system32;C:\Program Files\MySQL\MySQL Server 8.0\bin;;D:\工具\OpenSSH\bin;C:\Users\26424\AppData\Local\Microsoft\WindowsApps;D:\java\Apache\Maven\maven-3.6.3\bin;D:\工具\node\node_global;D:\工具\VS Code\Microsoft VS Code\bin;C:\Program Files\MySQL\MySQL Server 8.0\bin;D:\工具\node\node_modules\npm;D:\工具\SpringBoot消息中间件\Erlang\erl10.2\bin\;D:\工具\解压\;D:\工具\WS\WebStorm 2019.3.3\bin;C:\Users\26424\AppData\Local\GitHubDesktop\bin;C:\Users\26424\AppData\Local\Microsoft\WindowsApps;
USERNAME=26424
OS=Windows_NT
PROCESSOR_IDENTIFIER=Intel64 Family 6 Model 142 Stepping 12, GenuineIntel



---------------  S Y S T E M  ---------------

OS: Windows 10 , 64 bit Build 20180 (10.0.20180.1000)

CPU:total 8 (initial active 8) (4 cores per cpu, 2 threads per core) family 6 model 142 stepping 12, cmov, cx8, fxsr, mmx, sse, sse2, sse3, ssse3, sse4.1, sse4.2, popcnt, avx, avx2, aes, clmul, erms, 3dnowpref, lzcnt, ht, tsc, tscinvbit, bmi1, bmi2, adx, fma

Memory: 4k page, system-wide physical 8037M (1436M free)
TotalPageFile size 32613M (AvailPageFile size 68M)
current process WorkingSet (physical memory assigned to process): 10M, peak: 10M
current process commit charge ("private bytes"): 60M, peak: 186M

vm_info: Java HotSpot(TM) 64-Bit Server VM (12.0.2+10) for windows-amd64 JRE (12.0.2+10), built on Jul 16 2019 01:56:17 by "mach5one" with MS VC++ 15.5 (VS2017)

END.
